<?xml version="1.0" encoding="UTF-8"?>
<testsuite name="com.library.app.category.services.impl.CategoryServicesUTest" time="0.592" tests="15" errors="0" skipped="0" failures="0">
  <properties>
    <property name="java.runtime.name" value="Java(TM) SE Runtime Environment"/>
    <property name="sun.boot.library.path" value="/usr/java/jdk1.8.0_20/jre/lib/amd64"/>
    <property name="java.vm.version" value="25.20-b23"/>
    <property name="java.vm.vendor" value="Oracle Corporation"/>
    <property name="maven.multiModuleProjectDirectory" value=""/>
    <property name="java.vendor.url" value="http://java.oracle.com/"/>
    <property name="path.separator" value=":"/>
    <property name="guice.disable.misplaced.annotation.check" value="true"/>
    <property name="java.vm.name" value="Java HotSpot(TM) 64-Bit Server VM"/>
    <property name="file.encoding.pkg" value="sun.io"/>
    <property name="user.country" value="US"/>
    <property name="sun.java.launcher" value="SUN_STANDARD"/>
    <property name="sun.os.patch.level" value="unknown"/>
    <property name="java.vm.specification.name" value="Java Virtual Machine Specification"/>
    <property name="user.dir" value="/home/kpant/Music/Java EE app development/Chapter 1/a/library-app"/>
    <property name="java.runtime.version" value="1.8.0_20-b26"/>
    <property name="java.awt.graphicsenv" value="sun.awt.X11GraphicsEnvironment"/>
    <property name="java.endorsed.dirs" value="/usr/java/jdk1.8.0_20/jre/lib/endorsed"/>
    <property name="os.arch" value="amd64"/>
    <property name="java.io.tmpdir" value="/tmp"/>
    <property name="line.separator" value="&#10;"/>
    <property name="java.vm.specification.vendor" value="Oracle Corporation"/>
    <property name="os.name" value="Linux"/>
    <property name="classworlds.conf" value="/home/kpant/apache-maven-3.3.9/bin/m2.conf"/>
    <property name="sun.jnu.encoding" value="UTF-8"/>
    <property name="java.library.path" value="/oracle/base/dbhome_1/lib:/lib:/usr/lib:/usr/lib64:/usr/java/packages/lib/amd64:/usr/lib64:/lib64:/lib:/usr/lib"/>
    <property name="java.specification.name" value="Java Platform API Specification"/>
    <property name="java.class.version" value="52.0"/>
    <property name="sun.management.compiler" value="HotSpot 64-Bit Tiered Compilers"/>
    <property name="os.version" value="4.4.0-45-generic"/>
    <property name="user.home" value="/home/kpant"/>
    <property name="user.timezone" value="Asia/Kathmandu"/>
    <property name="java.awt.printerjob" value="sun.print.PSPrinterJob"/>
    <property name="file.encoding" value="UTF-8"/>
    <property name="java.specification.version" value="1.8"/>
    <property name="user.name" value="kpant"/>
    <property name="java.class.path" value="/home/kpant/apache-maven-3.3.9/boot/plexus-classworlds-2.5.2.jar"/>
    <property name="java.vm.specification.version" value="1.8"/>
    <property name="sun.arch.data.model" value="64"/>
    <property name="java.home" value="/usr/java/jdk1.8.0_20/jre"/>
    <property name="sun.java.command" value="org.codehaus.plexus.classworlds.launcher.Launcher clean install -PintegrationTests-wildfly -e"/>
    <property name="java.specification.vendor" value="Oracle Corporation"/>
    <property name="user.language" value="en"/>
    <property name="awt.toolkit" value="sun.awt.X11.XToolkit"/>
    <property name="java.vm.info" value="mixed mode"/>
    <property name="java.version" value="1.8.0_20"/>
    <property name="java.ext.dirs" value="/usr/java/jdk1.8.0_20/jre/lib/ext:/usr/java/packages/lib/ext"/>
    <property name="securerandom.source" value="file:/dev/./urandom"/>
    <property name="sun.boot.class.path" value="/usr/java/jdk1.8.0_20/jre/lib/resources.jar:/usr/java/jdk1.8.0_20/jre/lib/rt.jar:/usr/java/jdk1.8.0_20/jre/lib/sunrsasign.jar:/usr/java/jdk1.8.0_20/jre/lib/jsse.jar:/usr/java/jdk1.8.0_20/jre/lib/jce.jar:/usr/java/jdk1.8.0_20/jre/lib/charsets.jar:/usr/java/jdk1.8.0_20/jre/lib/jfr.jar:/usr/java/jdk1.8.0_20/jre/classes"/>
    <property name="java.vendor" value="Oracle Corporation"/>
    <property name="maven.home" value="/home/kpant/apache-maven-3.3.9"/>
    <property name="file.separator" value="/"/>
    <property name="java.vendor.url.bug" value="http://bugreport.sun.com/bugreport/"/>
    <property name="sun.cpu.endian" value="little"/>
    <property name="sun.io.unicode.encoding" value="UnicodeLittle"/>
    <property name="sun.desktop" value="gnome"/>
    <property name="sun.cpu.isalist" value=""/>
  </properties>
  <testcase name="updateWithShortName" classname="com.library.app.category.services.impl.CategoryServicesUTest" time="0.491"/>
  <testcase name="updateCategoryNotFound" classname="com.library.app.category.services.impl.CategoryServicesUTest" time="0.023"/>
  <testcase name="findAllNoCategories" classname="com.library.app.category.services.impl.CategoryServicesUTest" time="0.003"/>
  <testcase name="addCategoryWithShortName" classname="com.library.app.category.services.impl.CategoryServicesUTest" time="0.01"/>
  <testcase name="addValidCategory" classname="com.library.app.category.services.impl.CategoryServicesUTest" time="0.008"/>
  <testcase name="updateValidCategory" classname="com.library.app.category.services.impl.CategoryServicesUTest" time="0.014"/>
  <testcase name="updateWithLongName" classname="com.library.app.category.services.impl.CategoryServicesUTest" time="0.007"/>
  <testcase name="findAllCategories" classname="com.library.app.category.services.impl.CategoryServicesUTest" time="0.002"/>
  <testcase name="updateWithNullName" classname="com.library.app.category.services.impl.CategoryServicesUTest" time="0.007"/>
  <testcase name="findCategoryById" classname="com.library.app.category.services.impl.CategoryServicesUTest" time="0.003"/>
  <testcase name="addCategoryWithLongName" classname="com.library.app.category.services.impl.CategoryServicesUTest" time="0.009"/>
  <testcase name="addCategoryWithExistentName" classname="com.library.app.category.services.impl.CategoryServicesUTest" time="0.007"/>
  <testcase name="addCategoryWithNullName" classname="com.library.app.category.services.impl.CategoryServicesUTest" time="0.001"/>
  <testcase name="updateCategoryWithExistentName" classname="com.library.app.category.services.impl.CategoryServicesUTest" time="0.004"/>
  <testcase name="findCategoryByIdNotFound" classname="com.library.app.category.services.impl.CategoryServicesUTest" time="0.003"/>
</testsuite>